<?xml version="1.0" encoding="UTF-8"?>
<!-- Generated by org.testng.reporters.JUnitXMLReporter -->
<testsuite hostname="Vivekreddy" ignored="0" name="Test" tests="8" failures="0" timestamp="30 Oct 2018 02:26:35 GMT" time="30.925" errors="0">
  <testcase name="basicTest" time="0.03" classname="udemy.maven.jenkins.TestNG"/>
  <testcase name="oppoTest" time="0.004" classname="udemy.maven.testing.AppiumExample"/>
  <testcase name="samsungTest" time="0.003" classname="udemy.maven.testing.AppiumExample"/>
  <testcase name="testOverride" time="0.003" classname="udemy.maven.testing.AppiumExample"/>
  <testcase name="chromeTest" time="12.874" classname="udemy.maven.jenkins.SeleniumTest"/>
  <testcase name="firefoxTest" time="17.903" classname="udemy.maven.jenkins.SeleniumTest"/>
  <testcase name="deleteAPI" time="0.004" classname="udemy.maven.testing.RestAPITest"/>
  <testcase name="readAPI" time="0.003" classname="udemy.maven.testing.RestAPITest"/>
</testsuite> <!-- Test -->
