<?xml version="1.0" encoding="UTF-8"?>
<!-- Generated by org.testng.reporters.JUnitXMLReporter -->
<testsuite hostname="Vivekreddy" ignored="0" name="Command line test" tests="4" failures="0" timestamp="08 Nov 2018 19:46:51 GMT" time="0.089" errors="0">
  <testcase name="basicTest" time="0.017" classname="udemy.maven.jenkins.TestNG"/>
  <testcase name="testGitMaven" time="0.0" classname="udemy.maven.testing.MavenTest"/>
  <testcase name="deleteAPI" time="0.0" classname="udemy.maven.testing.RestAPITest"/>
  <testcase name="readAPI" time="0.0" classname="udemy.maven.testing.RestAPITest"/>
</testsuite> <!-- Command line test -->
