<?xml version="1.0" encoding="UTF-8"?>
<!-- Generated by org.testng.reporters.JUnitXMLReporter -->
<testsuite hostname="Vivekreddy" ignored="0" name="Test" tests="6" failures="0" timestamp="08 Nov 2018 20:06:56 GMT" time="35.319" errors="0">
  <testcase name="basicTest" time="0.017" classname="udemy.maven.jenkins.TestNG"/>
  <testcase name="oppoTest" time="0.0" classname="udemy.maven.testing.AppiumExample"/>
  <testcase name="samsungTest" time="0.001" classname="udemy.maven.testing.AppiumExample"/>
  <testcase name="testOverride" time="0.0" classname="udemy.maven.testing.AppiumExample"/>
  <testcase name="chromeTest" time="17.635" classname="udemy.maven.jenkins.SeleniumTest"/>
  <testcase name="firefoxTest" time="17.574" classname="udemy.maven.jenkins.SeleniumTest"/>
</testsuite> <!-- Test -->
