<?xml version="1.0" encoding="UTF-8"?>
<testsuite xmlns:xsi="http://www.w3.org/2001/XMLSchema-instance" xsi:noNamespaceSchemaLocation="https://maven.apache.org/surefire/maven-surefire-plugin/xsd/surefire-test-report.xsd" name="TestSuite" time="37.15" tests="6" errors="0" skipped="0" failures="0">
  <properties>
[...]
</properties>
  <testcase name="basicTest" classname="udemy.maven.jenkins.TestNG" time="0.018"/>
  <testcase name="oppoTest" classname="udemy.maven.testing.AppiumExample" time="0"/>
  <testcase name="samsungTest" classname="udemy.maven.testing.AppiumExample" time="0.001"/>
  <testcase name="testOverride" classname="udemy.maven.testing.AppiumExample" time="0"/>
  <testcase name="chromeTest" classname="udemy.maven.testing.AppiumExample" time="17.635"/>
  <testcase name="firefoxTest" classname="udemy.maven.testing.AppiumExample" time="17.575"/>
</testsuite>